[21:52:02] [main/WARN]: Ambiguity between arguments [teleport, destination] and [teleport, targets] with inputs: [Player, 0123, @e, dd12be42-52a9-4a91-a8a1-11c01849e498]
[21:52:02] [main/WARN]: Ambiguity between arguments [teleport, location] and [teleport, destination] with inputs: [0.1 -0.5 .9, 0 0 0]
[21:52:02] [main/WARN]: Ambiguity between arguments [teleport, location] and [teleport, targets] with inputs: [0.1 -0.5 .9, 0 0 0]
[21:52:02] [main/WARN]: Ambiguity between arguments [teleport, targets] and [teleport, destination] with inputs: [Player, 0123, dd12be42-52a9-4a91-a8a1-11c01849e498]
[21:52:02] [main/WARN]: Ambiguity between arguments [teleport, targets, location] and [teleport, targets, destination] with inputs: [0.1 -0.5 .9, 0 0 0]
[21:52:02] [main/INFO]: Loaded 0 recipes
[21:52:02] [main/INFO]: Loaded 0 advancements
[21:52:02] [Server thread/INFO]: Starting minecraft server version 1.13.1
[21:52:02] [Server thread/INFO]: Loading properties
[21:52:02] [Server console handler/ERROR]: Exception handling console input
java.io.IOException: Controlador no válido
	at java.io.FileInputStream.readBytes(Native Method) ~[?:1.8.0_181]
	at java.io.FileInputStream.read(Unknown Source) ~[?:1.8.0_181]
	at java.io.BufferedInputStream.read1(Unknown Source) ~[?:1.8.0_181]
	at java.io.BufferedInputStream.read(Unknown Source) ~[?:1.8.0_181]
	at sun.nio.cs.StreamDecoder.readBytes(Unknown Source) ~[?:1.8.0_181]
	at sun.nio.cs.StreamDecoder.implRead(Unknown Source) ~[?:1.8.0_181]
	at sun.nio.cs.StreamDecoder.read(Unknown Source) ~[?:1.8.0_181]
	at java.io.InputStreamReader.read(Unknown Source) ~[?:1.8.0_181]
	at java.io.BufferedReader.fill(Unknown Source) ~[?:1.8.0_181]
	at java.io.BufferedReader.readLine(Unknown Source) ~[?:1.8.0_181]
	at java.io.BufferedReader.readLine(Unknown Source) ~[?:1.8.0_181]
	at so$2.run(SourceFile:110) [server.jar:?]
[21:52:02] [Server thread/INFO]: Default game type: SURVIVAL
[21:52:02] [Server thread/INFO]: Generating keypair
[21:52:02] [Server thread/INFO]: Starting Minecraft server on *:25565
[21:52:02] [Server thread/INFO]: Using default channel type
[21:52:03] [Server thread/WARN]: **** SERVER IS RUNNING IN OFFLINE/INSECURE MODE!
[21:52:03] [Server thread/WARN]: The server will make no attempt to authenticate usernames. Beware.
[21:52:03] [Server thread/WARN]: While this makes the game possible to play without internet access, it also opens up the ability for hackers to connect with any username they choose.
[21:52:03] [Server thread/WARN]: To change this, set "online-mode" to "true" in the server.properties file.
[21:52:03] [Server thread/INFO]: Preparing level "world"
[21:52:03] [Server thread/INFO]: Reloading ResourceManager: Default
[21:52:03] [Server thread/INFO]: Loaded 524 recipes
[21:52:04] [Server thread/INFO]: Loaded 571 advancements
[21:52:04] [Server thread/INFO]: Preparing start region for dimension minecraft:overworld
[21:52:04] [Server thread/INFO]: Preparing spawn area: 4%
[21:52:04] [Server thread/INFO]: Preparing spawn area: 8%
[21:52:04] [Server thread/INFO]: Preparing spawn area: 12%
[21:52:04] [Server thread/INFO]: Preparing spawn area: 16%
[21:52:04] [Server thread/INFO]: Preparing spawn area: 20%
[21:52:04] [Server thread/INFO]: Preparing spawn area: 24%
[21:52:04] [Server thread/INFO]: Preparing spawn area: 28%
[21:52:04] [Server thread/INFO]: Preparing spawn area: 32%
[21:52:04] [Server thread/INFO]: Preparing spawn area: 36%
[21:52:04] [Server thread/INFO]: Preparing spawn area: 40%
[21:52:04] [Server thread/INFO]: Preparing spawn area: 44%
[21:52:04] [Server thread/INFO]: Preparing spawn area: 48%
[21:52:04] [Server thread/INFO]: Preparing spawn area: 52%
[21:52:04] [Server thread/INFO]: Preparing spawn area: 56%
[21:52:04] [Server thread/INFO]: Preparing spawn area: 60%
[21:52:04] [Server thread/INFO]: Preparing spawn area: 64%
[21:52:04] [Server thread/INFO]: Preparing spawn area: 68%
[21:52:04] [Server thread/INFO]: Preparing spawn area: 72%
[21:52:04] [Server thread/INFO]: Preparing spawn area: 76%
[21:52:04] [Server thread/INFO]: Preparing spawn area: 80%
[21:52:04] [Server thread/INFO]: Preparing spawn area: 84%
[21:52:04] [Server thread/INFO]: Preparing spawn area: 88%
[21:52:04] [Server thread/INFO]: Preparing spawn area: 92%
[21:52:04] [Server thread/INFO]: Preparing spawn area: 96%
[21:52:04] [Server thread/INFO]: Preparing spawn area: 100%
[21:52:04] [Server thread/INFO]: Time elapsed: 759 ms
[21:52:04] [Server thread/INFO]: Done (1.589s)! For help, type "help"
[21:53:41] [Server thread/INFO]: vijote[/25.69.91.85:57363] logged in with entity id 487 at (-205.41017272282855, 66.0, -235.18212402003647)
[21:53:41] [Server thread/INFO]: vijote joined the game
[21:54:23] [Server thread/INFO]: Set the weather to clear
[21:56:22] [Server thread/INFO]: Sostell[/2620:9b:0:0:0:0:1905:50e9:63806] logged in with entity id 1726 at (-311.95746311952524, 67.0, -169.0273717977999)
[21:56:22] [Server thread/INFO]: Sostell joined the game
[21:57:36] [Server thread/INFO]: Sostell lost connection: Disconnected
[21:57:36] [Server thread/INFO]: Sostell left the game
