[21:02:29] [main/WARN]: Ambiguity between arguments [teleport, destination] and [teleport, targets] with inputs: [Player, 0123, @e, dd12be42-52a9-4a91-a8a1-11c01849e498]
[21:02:29] [main/WARN]: Ambiguity between arguments [teleport, location] and [teleport, destination] with inputs: [0.1 -0.5 .9, 0 0 0]
[21:02:29] [main/WARN]: Ambiguity between arguments [teleport, location] and [teleport, targets] with inputs: [0.1 -0.5 .9, 0 0 0]
[21:02:29] [main/WARN]: Ambiguity between arguments [teleport, targets] and [teleport, destination] with inputs: [Player, 0123, dd12be42-52a9-4a91-a8a1-11c01849e498]
[21:02:29] [main/WARN]: Ambiguity between arguments [teleport, targets, location] and [teleport, targets, destination] with inputs: [0.1 -0.5 .9, 0 0 0]
[21:02:30] [main/INFO]: Loaded 0 recipes
[21:02:30] [main/INFO]: Loaded 0 advancements
[21:02:31] [Server console handler/ERROR]: Exception handling console input
java.io.IOException: Controlador no válido
	at java.io.FileInputStream.readBytes(Native Method) ~[?:1.8.0_181]
	at java.io.FileInputStream.read(Unknown Source) ~[?:1.8.0_181]
	at java.io.BufferedInputStream.read1(Unknown Source) ~[?:1.8.0_181]
	at java.io.BufferedInputStream.read(Unknown Source) ~[?:1.8.0_181]
	at sun.nio.cs.StreamDecoder.readBytes(Unknown Source) ~[?:1.8.0_181]
	at sun.nio.cs.StreamDecoder.implRead(Unknown Source) ~[?:1.8.0_181]
	at sun.nio.cs.StreamDecoder.read(Unknown Source) ~[?:1.8.0_181]
	at java.io.InputStreamReader.read(Unknown Source) ~[?:1.8.0_181]
	at java.io.BufferedReader.fill(Unknown Source) ~[?:1.8.0_181]
	at java.io.BufferedReader.readLine(Unknown Source) ~[?:1.8.0_181]
	at java.io.BufferedReader.readLine(Unknown Source) ~[?:1.8.0_181]
	at so$2.run(SourceFile:110) [server.jar:?]
[21:02:31] [Server thread/INFO]: Starting minecraft server version 1.13.1
[21:02:31] [Server thread/INFO]: Loading properties
[21:02:31] [Server thread/INFO]: Default game type: SURVIVAL
[21:02:31] [Server thread/INFO]: Generating keypair
[21:02:32] [Server thread/INFO]: Starting Minecraft server on *:25565
[21:02:32] [Server thread/INFO]: Using default channel type
[21:02:33] [Server thread/WARN]: **** SERVER IS RUNNING IN OFFLINE/INSECURE MODE!
[21:02:33] [Server thread/WARN]: The server will make no attempt to authenticate usernames. Beware.
[21:02:33] [Server thread/WARN]: While this makes the game possible to play without internet access, it also opens up the ability for hackers to connect with any username they choose.
[21:02:33] [Server thread/WARN]: To change this, set "online-mode" to "true" in the server.properties file.
[21:02:33] [Server thread/INFO]: Preparing level "world"
[21:02:33] [Server thread/INFO]: Reloading ResourceManager: Default
[21:02:37] [Server thread/INFO]: Loaded 524 recipes
[21:02:40] [Server thread/INFO]: Loaded 571 advancements
[21:02:40] [Server thread/INFO]: Preparing start region for dimension minecraft:overworld
[21:02:40] [Server thread/INFO]: Preparing spawn area: 4%
[21:02:40] [Server thread/INFO]: Preparing spawn area: 8%
[21:02:40] [Server thread/INFO]: Preparing spawn area: 12%
[21:02:40] [Server thread/INFO]: Preparing spawn area: 16%
[21:02:41] [Server thread/INFO]: Preparing spawn area: 20%
[21:02:41] [Server thread/INFO]: Preparing spawn area: 24%
[21:02:41] [Server thread/INFO]: Preparing spawn area: 28%
[21:02:41] [Server thread/INFO]: Preparing spawn area: 32%
[21:02:41] [Server thread/INFO]: Preparing spawn area: 36%
[21:02:41] [Server thread/INFO]: Preparing spawn area: 40%
[21:02:41] [Server thread/INFO]: Preparing spawn area: 44%
[21:02:41] [Server thread/INFO]: Preparing spawn area: 48%
[21:02:41] [Server thread/INFO]: Preparing spawn area: 52%
[21:02:42] [Server thread/INFO]: Preparing spawn area: 56%
[21:02:42] [Server thread/INFO]: Preparing spawn area: 60%
[21:02:42] [Server thread/INFO]: Preparing spawn area: 64%
[21:02:42] [Server thread/INFO]: Preparing spawn area: 68%
[21:02:42] [Server thread/INFO]: Preparing spawn area: 72%
[21:02:42] [Server thread/INFO]: Preparing spawn area: 76%
[21:02:42] [Server thread/INFO]: Preparing spawn area: 80%
[21:02:42] [Server thread/INFO]: Preparing spawn area: 84%
[21:02:42] [Server thread/INFO]: Preparing spawn area: 88%
[21:02:42] [Server thread/INFO]: Preparing spawn area: 92%
[21:02:42] [Server thread/INFO]: Preparing spawn area: 96%
[21:02:42] [Server thread/INFO]: Preparing spawn area: 100%
[21:02:42] [Server thread/INFO]: Time elapsed: 2323 ms
[21:02:42] [Server thread/INFO]: Done (8.756s)! For help, type "help"
[21:02:44] [Server thread/WARN]: Can't keep up! Is the server overloaded? Running 2032ms or 40 ticks behind
[21:03:07] [Server thread/WARN]: Can't keep up! Is the server overloaded? Running 7294ms or 145 ticks behind
[21:03:39] [Server thread/WARN]: Can't keep up! Is the server overloaded? Running 2217ms or 44 ticks behind
[21:04:33] [Server thread/INFO]: Armando[/25.52.249.70:50801] logged in with entity id 729 at (112.5, 65.0, -173.5)
[21:04:33] [Server thread/INFO]: Armando joined the game
[21:04:35] [Server thread/WARN]: Can't keep up! Is the server overloaded? Running 2002ms or 40 ticks behind
[21:05:13] [Server thread/INFO]: Armando lost connection: Disconnected
[21:05:13] [Server thread/INFO]: Armando left the game
[21:13:01] [Server thread/INFO]: Armando[/25.52.249.70:50880] logged in with entity id 891 at (105.41431329378811, 65.0, -165.35033003675832)
[21:13:01] [Server thread/INFO]: Armando joined the game
[21:13:54] [Server thread/INFO]: Armando lost connection: Disconnected
[21:13:54] [Server thread/INFO]: Armando left the game
[21:13:58] [Server thread/INFO]: Armando[/25.52.249.70:50883] logged in with entity id 1037 at (110.7039725117523, 65.0, -165.51870686010923)
[21:13:58] [Server thread/INFO]: Armando joined the game
[21:14:05] [Server thread/INFO]: Armando lost connection: Disconnected
[21:14:05] [Server thread/INFO]: Armando left the game
[21:14:25] [Server thread/INFO]: Alfajorcito[/2620:9b:0:0:0:0:1949:f23c:59803] logged in with entity id 1165 at (155.69999998807907, 69.0, -163.21775429417295)
[21:14:25] [Server thread/INFO]: Alfajorcito joined the game
[21:14:41] [Server thread/INFO]: <Alfajorcito> aa
[21:14:42] [Server thread/INFO]: <Alfajorcito> del 1 al 10
[21:14:44] [Server thread/INFO]: <Alfajorcito> esto anda
[21:14:45] [Server thread/INFO]: <Alfajorcito> un nose
[21:14:47] [Server thread/INFO]: <Alfajorcito> pq lo jugue poco
[21:14:50] [Server thread/INFO]: <Alfajorcito> jaja no soy troll? :3
[21:16:26] [Server thread/INFO]: <Alfajorcito> armando
[21:16:29] [Server thread/INFO]: <Alfajorcito> anda bien :3
[21:23:40] [Server thread/INFO]: * Server alegrto
[21:23:41] [Server thread/INFO]: Unknown command
[21:23:41] [Server thread/INFO]: ahora<--[HERE]
[21:23:50] [Server thread/INFO]: [Server] me alegro
[21:23:54] [Server thread/INFO]: <Alfajorcito> :D
[21:23:57] [Server thread/INFO]: Unknown command
[21:23:57] [Server thread/INFO]: server ahora ya que estoy<--[HERE]
[21:24:03] [Server thread/INFO]: [Server] ahora ya que estoy
[21:24:30] [Server thread/INFO]: [Server] capaz descargo el server en la otra pc y pruebo, a ver si todo anda bien con el git
[21:24:35] [Server thread/INFO]: <Alfajorcito> d1
[21:24:37] [Server thread/INFO]: [Server] ahora te aviso cuando lo cierro
[21:24:46] [Server thread/INFO]: [Server] hace algunas cositas
[21:24:55] [Server thread/INFO]: [Server] cosa de ver si realmente se pasa todo bien
[21:26:18] [Server thread/INFO]: [Server] esta en git :3
[21:27:09] [Server thread/INFO]: MAURIJAJAJA[/25.11.115.103:56828] logged in with entity id 3024 at (110.40726000346717, 65.0, -160.9854609727776)
[21:27:09] [Server thread/INFO]: MAURIJAJAJA joined the game
[21:27:23] [Server thread/INFO]: <MAURIJAJAJA> ola
[21:27:38] [Server thread/INFO]: <Alfajorcito> ola :D
[21:27:59] [Server thread/INFO]: <MAURIJAJAJA> todo bien? :D
[21:28:03] [Server thread/INFO]: <Alfajorcito> no
[21:28:06] [Server thread/INFO]: <Alfajorcito> onda si
[21:28:08] [Server thread/INFO]: <Alfajorcito> antes de que vengas.
[21:28:10] [Server thread/INFO]: <MAURIJAJAJA> oh 3:
[21:28:26] [Server thread/WARN]: MAURIJAJAJA moved too quickly! 1.0389780696533535,-10.61202295686212,0.360490477334821
[21:30:01] [Server thread/INFO]: <MAURIJAJAJA> entré en dscrd
[21:32:12] [Server thread/INFO]: <Alfajorcito> no tengo ganas de hablar en discord
[21:39:02] [Server thread/INFO]: <Alfajorcito> we
[21:39:04] [Server thread/INFO]: <Alfajorcito> 300 mil webos
[21:39:05] [Server thread/INFO]: <Alfajorcito> ni uno solo
[21:39:12] [Server thread/INFO]: [Server] concha la vaca
[21:39:17] [Server thread/INFO]: <Alfajorcito> XD
[21:39:20] [Server thread/INFO]: [Server] no hay espacio para la otra pc
[21:39:21] [Server thread/INFO]: <Alfajorcito> q paso
[21:39:26] [Server thread/INFO]: <Alfajorcito> en lar ed=
[21:39:27] [Server thread/INFO]: <Alfajorcito> ?
[21:39:33] [Server thread/INFO]: [Server] si
[21:39:42] [Server thread/INFO]: [Server] creo otra
[21:40:00] [Server thread/INFO]: [Server] o le digo a viggy
[21:40:06] [Server thread/INFO]: [Server] que lo expulse a ramiro un rato
[21:40:08] [Server thread/INFO]: Unknown command
[21:40:08] [Server thread/INFO]: xd<--[HERE]
[21:40:19] [Server thread/INFO]: [Server] despues cuando tenga la net voy a usarla para hostear xddd
[21:41:21] [Server thread/INFO]: <Alfajorcito> XD
[21:41:25] [Server thread/INFO]: [Server] ya esta todo arregladito, es cosa que yo cierre en esta pc y abra en la otra
[21:41:32] [Server thread/INFO]: <Alfajorcito> hace esto
[21:41:35] [Server thread/INFO]: <Alfajorcito> abri en la otra
[21:41:38] [Server thread/INFO]: <Alfajorcito> y entra con esta
[21:41:43] [Server thread/INFO]: <Alfajorcito> con esa
[21:41:45] [Server thread/INFO]: <Alfajorcito> a ver si esta todo
[21:41:50] [Server thread/INFO]: <Alfajorcito> pq yo estoy haciendo muchas csas XD
[21:41:53] [Server thread/INFO]: <Alfajorcito> y no quiero perder :(
[21:41:59] [Server thread/INFO]: <MAURIJAJAJA> posta
[21:42:02] [Server thread/INFO]: <MAURIJAJAJA> yo tampoco xd
[21:42:04] [Server thread/INFO]: Unknown command
[21:42:04] [Server thread/INFO]: say<--[HERE]
[21:42:16] [Server thread/INFO]: [Server] es que tengo que cerrar el server para mandar la actualizacion al git
[21:42:17] [Server thread/INFO]: Unknown command
[21:42:17] [Server thread/INFO]: xd<--[HERE]
[21:42:22] [Server thread/INFO]: <Alfajorcito> bueno
[21:42:24] [Server thread/INFO]: <Alfajorcito> pero lo cerras
[21:42:26] [Server thread/INFO]: <Alfajorcito> y mandas
[21:42:31] [Server thread/INFO]: <Alfajorcito> y si no se guarda sigue en esa pc
[21:42:38] [Server thread/INFO]: <Alfajorcito> la cosa es no boletearlo al q tenes en esa pc ahora
[21:43:07] [Server thread/INFO]: <MAURIJAJAJA> cierralo si lo deseas
[21:43:18] [Server thread/INFO]: <Alfajorcito> yo estoy dandole de comer a los copernicos nomas
[21:43:25] [Server thread/INFO]: [Server] ok, igual capaz lo voleteo igual y se conectan al otro, salgo de la red de vigote, porque no puedo jugar y tener el server Xd
[21:43:37] [Server thread/INFO]: [Server] en vez de conectarse a esta ip se van a conectar a la otra que conecte
[21:43:44] [Server thread/INFO]: Alfajorcito lost connection: Disconnected
[21:43:44] [Server thread/INFO]: Alfajorcito left the game
[21:43:51] [Server thread/INFO]: Unknown command
[21:43:51] [Server thread/INFO]: exit<--[HERE]
[21:43:52] [Server thread/INFO]: Alfajorcito[/2620:9b:0:0:0:0:1949:f23c:62287] logged in with entity id 7445 at (137.99829276543733, 62.5, -155.00227544003266)
[21:43:52] [Server thread/INFO]: Alfajorcito joined the game
[21:43:52] [Server thread/WARN]: Fetching addPacket for removed entity
[21:43:58] [Server thread/INFO]: <Alfajorcito> XD
[21:44:01] [Server thread/INFO]: Unknown command
[21:44:01] [Server thread/INFO]: lol?<--[HERE]
[21:44:09] [Server thread/INFO]: <Alfajorcito> internet.html stop working
[21:44:11] [Server thread/INFO]: [Server] we para no seas exitado lleva un tiempito de aca a que camine
[21:44:22] [Server thread/INFO]: <Alfajorcito> se escapo un pollo
[21:44:26] [Server thread/INFO]: Unknown command
[21:44:26] [Server thread/INFO]: say<--[HERE]
[21:44:27] [Server thread/INFO]: <Alfajorcito> cualquiera que vea un pollo suelto
[21:44:28] [Server thread/INFO]: [Server] ah
[21:44:32] [Server thread/INFO]: <Alfajorcito> kill on sight please
[21:44:34] [Server thread/INFO]: [Server] justo viggy lo saco a ramiro
[21:44:37] [Server thread/INFO]: [Server] un lujo
[21:44:42] [Server thread/INFO]: Stopping server
[21:44:42] [Server thread/INFO]: Saving players
[21:44:42] [Server thread/INFO]: Saving worlds
[21:44:42] [Server thread/INFO]: Saving chunks for level 'world'/minecraft:overworld
[21:44:42] [Server Shutdown Thread/INFO]: Stopping server
[21:44:42] [Server Shutdown Thread/INFO]: Saving players
[21:44:42] [Server Shutdown Thread/INFO]: MAURIJAJAJA lost connection: Server closed
[21:44:42] [Server Shutdown Thread/INFO]: MAURIJAJAJA left the game
[21:44:42] [Server Shutdown Thread/INFO]: Saving worlds
[21:44:42] [Server Shutdown Thread/INFO]: Saving chunks for level 'world'/minecraft:overworld
[21:44:42] [Server thread/INFO]: Saving chunks for level 'world'/minecraft:the_end
[21:44:42] [Server thread/INFO]: Saving chunks for level 'world'/minecraft:the_nether
[21:44:42] [Server Shutdown Thread/INFO]: Saving chunks for level 'world'/minecraft:the_end
[21:44:42] [Server Shutdown Thread/INFO]: Saving chunks for level 'world'/minecraft:the_nether
